GSKMT/build/outputs/logs/manifest-merger-release-report.txt
-- Merging decision tree log ---
manifest
ADDED from src\main\AndroidManifest.xml:1:1-241:12
INJECTED from src\main\AndroidManifest.xml:1:1-241:12
INJECTED from src\main\AndroidManifest.xml:1:1-241:12
INJECTED from src\main\AndroidManifest.xml:1:1-241:12
MERGED from [com.github.clans:fab:1.6.2] AndroidManifest.xml:2:1-14:12
MERGED from [com.google.android.gms:play-services-location:9.0.2] AndroidManifest.xml:16:1-20:12
MERGED from [com.google.android.gms:play-services-maps:9.0.2] AndroidManifest.xml:16:1-28:12
MERGED from [com.google.android.gms:play-services-appindexing:9.0.2] AndroidManifest.xml:16:1-20:12
MERGED from [com.android.support:design:26.1.0] AndroidManifest.xml:17:1-31:12
MERGED from [com.android.support:appcompat-v7:26.1.0] AndroidManifest.xml:17:1-31:12
MERGED from [com.android.support:cardview-v7:26.1.0] AndroidManifest.xml:17:1-28:12
MERGED from [com.android.support:recyclerview-v7:26.1.0] AndroidManifest.xml:17:1-28:12
MERGED from [com.google.android.gms:play-services-base:9.0.2] AndroidManifest.xml:16:1-24:12
MERGED from [com.google.firebase:firebase-common:9.0.2] AndroidManifest.xml:2:1-13:12
MERGED from [com.google.android.gms:play-services-tasks:9.0.2] AndroidManifest.xml:2:1-6:12
MERGED from [com.google.android.gms:play-services-basement:9.0.2] AndroidManifest.xml:16:1-26:12
MERGED from [com.android.support:animated-vector-drawable:26.1.0] AndroidManifest.xml:17:1-28:12
MERGED from [com.android.support:support-vector-drawable:26.1.0] AndroidManifest.xml:17:1-28:12
MERGED from [com.android.support:transition:26.1.0] AndroidManifest.xml:17:1-28:12
MERGED from [com.android.support:support-v4:26.1.0] AndroidManifest.xml:17:1-31:12
MERGED from [com.android.support:support-fragment:26.1.0] AndroidManifest.xml:17:1-31:12
MERGED from [com.android.support:support-core-ui:26.1.0] AndroidManifest.xml:17:1-31:12
MERGED from [com.android.support:support-media-compat:26.1.0] AndroidManifest.xml:17:1-31:12
MERGED from [com.android.support:support-core-utils:26.1.0] AndroidManifest.xml:17:1-31:12
MERGED from [com.android.support:support-compat:26.1.0] AndroidManifest.xml:17:1-31:12
MERGED from [android.arch.lifecycle:runtime:1.0.0] AndroidManifest.xml:17:1-30:12
INJECTED from src\main\AndroidManifest.xml:1:1-241:12
INJECTED from src\main\AndroidManifest.xml:1:1-241:12
INJECTED from src\main\AndroidManifest.xml:1:1-241:12
	package
		ADDED from src\main\AndroidManifest.xml:2:5-34
		INJECTED from src\main\AndroidManifest.xml
		INJECTED from src\main\AndroidManifest.xml
	android:versionName
		ADDED from src\main\AndroidManifest.xml:4:5-30
		INJECTED from src\main\AndroidManifest.xml
		INJECTED from src\main\AndroidManifest.xml
	xmlns:android
		ADDED from src\main\AndroidManifest.xml:1:11-69
	android:versionCode
		ADDED from src\main\AndroidManifest.xml:3:5-29
		INJECTED from src\main\AndroidManifest.xml
		INJECTED from src\main\AndroidManifest.xml
uses-sdk
ADDED from src\main\AndroidManifest.xml:6:5-8:41
INJECTED from src\main\AndroidManifest.xml:6:5-8:41
INJECTED from src\main\AndroidManifest.xml:6:5-8:41
MERGED from [com.github.clans:fab:1.6.2] AndroidManifest.xml:8:5-10:41
MERGED from [com.github.clans:fab:1.6.2] AndroidManifest.xml:8:5-10:41
MERGED from [com.google.android.gms:play-services-location:9.0.2] AndroidManifest.xml:18:5-42
MERGED from [com.google.android.gms:play-services-location:9.0.2] AndroidManifest.xml:18:5-42
MERGED from [com.google.android.gms:play-services-maps:9.0.2] AndroidManifest.xml:26:5-42
MERGED from [com.google.android.gms:play-services-maps:9.0.2] AndroidManifest.xml:26:5-42
MERGED from [com.google.android.gms:play-services-appindexing:9.0.2] AndroidManifest.xml:18:5-42
MERGED from [com.google.android.gms:play-services-appindexing:9.0.2] AndroidManifest.xml:18:5-42
MERGED from [com.android.support:design:26.1.0] AndroidManifest.xml:21:5-23:62
MERGED from [com.android.support:design:26.1.0] AndroidManifest.xml:21:5-23:62
MERGED from [com.android.support:appcompat-v7:26.1.0] AndroidManifest.xml:21:5-23:78
MERGED from [com.android.support:appcompat-v7:26.1.0] AndroidManifest.xml:21:5-23:78
MERGED from [com.android.support:cardview-v7:26.1.0] AndroidManifest.xml:20:5-44
MERGED from [com.android.support:cardview-v7:26.1.0] AndroidManifest.xml:20:5-44
MERGED from [com.android.support:recyclerview-v7:26.1.0] AndroidManifest.xml:20:5-44
MERGED from [com.android.support:recyclerview-v7:26.1.0] AndroidManifest.xml:20:5-44
MERGED from [com.google.android.gms:play-services-base:9.0.2] AndroidManifest.xml:18:5-42
MERGED from [com.google.android.gms:play-services-base:9.0.2] AndroidManifest.xml:18:5-42
MERGED from [com.google.firebase:firebase-common:9.0.2] AndroidManifest.xml:4:5-43
MERGED from [com.google.firebase:firebase-common:9.0.2] AndroidManifest.xml:4:5-43
MERGED from [com.google.android.gms:play-services-tasks:9.0.2] AndroidManifest.xml:4:5-43
MERGED from [com.google.android.gms:play-services-tasks:9.0.2] AndroidManifest.xml:4:5-43
MERGED from [com.google.android.gms:play-services-basement:9.0.2] AndroidManifest.xml:18:5-42
MERGED from [com.google.android.gms:play-services-basement:9.0.2] AndroidManifest.xml:18:5-42
MERGED from [com.android.support:animated-vector-drawable:26.1.0] AndroidManifest.xml:20:5-44
MERGED from [com.android.support:animated-vector-drawable:26.1.0] AndroidManifest.xml:20:5-44
MERGED from [com.android.support:support-vector-drawable:26.1.0] AndroidManifest.xml:20:5-44
MERGED from [com.android.support:support-vector-drawable:26.1.0] AndroidManifest.xml:20:5-44
MERGED from [com.android.support:transition:26.1.0] AndroidManifest.xml:20:5-44
MERGED from [com.android.support:transition:26.1.0] AndroidManifest.xml:20:5-44
MERGED from [com.android.support:support-v4:26.1.0] AndroidManifest.xml:21:5-23:54
MERGED from [com.android.support:support-v4:26.1.0] AndroidManifest.xml:21:5-23:54
MERGED from [com.android.support:support-fragment:26.1.0] AndroidManifest.xml:21:5-23:60
MERGED from [com.android.support:support-fragment:26.1.0] AndroidManifest.xml:21:5-23:60
MERGED from [com.android.support:support-core-ui:26.1.0] AndroidManifest.xml:21:5-23:58
MERGED from [com.android.support:support-core-ui:26.1.0] AndroidManifest.xml:21:5-23:58
MERGED from [com.android.support:support-media-compat:26.1.0] AndroidManifest.xml:21:5-23:63
MERGED from [com.android.support:support-media-compat:26.1.0] AndroidManifest.xml:21:5-23:63
MERGED from [com.android.support:support-core-utils:26.1.0] AndroidManifest.xml:21:5-23:61
MERGED from [com.android.support:support-core-utils:26.1.0] AndroidManifest.xml:21:5-23:61
MERGED from [com.android.support:support-compat:26.1.0] AndroidManifest.xml:21:5-23:58
MERGED from [com.android.support:support-compat:26.1.0] AndroidManifest.xml:21:5-23:58
MERGED from [android.arch.lifecycle:runtime:1.0.0] AndroidManifest.xml:20:5-22:41
MERGED from [android.arch.lifecycle:runtime:1.0.0] AndroidManifest.xml:20:5-22:41
INJECTED from src\main\AndroidManifest.xml:6:5-8:41
INJECTED from src\main\AndroidManifest.xml:6:5-8:41
	tools:overrideLibrary
		ADDED from [com.android.support:design:26.1.0] AndroidManifest.xml:23:9-59
	android:targetSdkVersion
		ADDED from src\main\AndroidManifest.xml:8:9-38
		INJECTED from src\main\AndroidManifest.xml
		INJECTED from src\main\AndroidManifest.xml
	android:minSdkVersion
		ADDED from src\main\AndroidManifest.xml:7:9-35
		INJECTED from src\main\AndroidManifest.xml
		INJECTED from src\main\AndroidManifest.xml
uses-permission#android.permission.ACCESS_NETWORK_STATE
ADDED from src\main\AndroidManifest.xml:10:5-79
MERGED from [com.google.android.gms:play-services-maps:9.0.2] AndroidManifest.xml:20:5-78
MERGED from [com.google.android.gms:play-services-maps:9.0.2] AndroidManifest.xml:20:5-78
	android:name
		ADDED from src\main\AndroidManifest.xml:10:22-76
uses-permission#android.permission.ACCESS_COARSE_LOCATION
ADDED from src\main\AndroidManifest.xml:11:5-81
	android:name
		ADDED from src\main\AndroidManifest.xml:11:22-78
uses-permission#android.permission.ACCESS_FINE_LOCATION
ADDED from src\main\AndroidManifest.xml:12:5-79
	android:name
		ADDED from src\main\AndroidManifest.xml:12:22-76
uses-permission#android.permission.INTERNET
ADDED from src\main\AndroidManifest.xml:13:5-67
MERGED from [com.google.android.gms:play-services-maps:9.0.2] AndroidManifest.xml:21:5-66
MERGED from [com.google.android.gms:play-services-maps:9.0.2] AndroidManifest.xml:21:5-66
	android:name
		ADDED from src\main\AndroidManifest.xml:13:22-64
uses-permission#android.permission.WRITE_EXTERNAL_STORAGE
ADDED from src\main\AndroidManifest.xml:14:5-81
	android:name
		ADDED from src\main\AndroidManifest.xml:14:22-78
uses-permission#android.permission.WRITE_SYNC_SETTINGS
ADDED from src\main\AndroidManifest.xml:15:5-78
	android:name
		ADDED from src\main\AndroidManifest.xml:15:22-75
uses-permission#android.permission.WAKE_LOCK
ADDED from src\main\AndroidManifest.xml:16:5-68
	android:name
		ADDED from src\main\AndroidManifest.xml:16:22-65
uses-permission#android.permission.READ_PHONE_STATE
ADDED from src\main\AndroidManifest.xml:17:5-19:23
	android:name
		ADDED from src\main\AndroidManifest.xml:17:22-72
supports-screens
ADDED from src\main\AndroidManifest.xml:21:5-23:39
	android:largeScreens
		ADDED from src\main\AndroidManifest.xml:23:9-36
	android:anyDensity
		ADDED from src\main\AndroidManifest.xml:22:9-34
application
ADDED from src\main\AndroidManifest.xml:27:5-240:19
MERGED from [com.github.clans:fab:1.6.2] AndroidManifest.xml:12:5-20
MERGED from [com.github.clans:fab:1.6.2] AndroidManifest.xml:12:5-20
MERGED from [com.google.android.gms:play-services-location:9.0.2] AndroidManifest.xml:19:5-20
MERGED from [com.google.android.gms:play-services-location:9.0.2] AndroidManifest.xml:19:5-20
MERGED from [com.google.android.gms:play-services-maps:9.0.2] AndroidManifest.xml:27:5-20
MERGED from [com.google.android.gms:play-services-maps:9.0.2] AndroidManifest.xml:27:5-20
MERGED from [com.google.android.gms:play-services-appindexing:9.0.2] AndroidManifest.xml:19:5-20
MERGED from [com.google.android.gms:play-services-appindexing:9.0.2] AndroidManifest.xml:19:5-20
MERGED from [com.android.support:design:26.1.0] AndroidManifest.xml:25:5-29:19
MERGED from [com.android.support:design:26.1.0] AndroidManifest.xml:25:5-29:19
MERGED from [com.android.support:appcompat-v7:26.1.0] AndroidManifest.xml:25:5-29:19
MERGED from [com.android.support:appcompat-v7:26.1.0] AndroidManifest.xml:25:5-29:19
MERGED from [com.android.support:cardview-v7:26.1.0] AndroidManifest.xml:22:5-26:19
MERGED from [com.android.support:cardview-v7:26.1.0] AndroidManifest.xml:22:5-26:19
MERGED from [com.android.support:recyclerview-v7:26.1.0] AndroidManifest.xml:22:5-26:19
MERGED from [com.android.support:recyclerview-v7:26.1.0] AndroidManifest.xml:22:5-26:19
MERGED from [com.google.android.gms:play-services-base:9.0.2] AndroidManifest.xml:19:5-23:19
MERGED from [com.google.android.gms:play-services-base:9.0.2] AndroidManifest.xml:19:5-23:19
MERGED from [com.google.firebase:firebase-common:9.0.2] AndroidManifest.xml:5:5-12:19
MERGED from [com.google.firebase:firebase-common:9.0.2] AndroidManifest.xml:5:5-12:19
MERGED from [com.google.android.gms:play-services-tasks:9.0.2] AndroidManifest.xml:5:5-20
MERGED from [com.google.android.gms:play-services-tasks:9.0.2] AndroidManifest.xml:5:5-20
MERGED from [com.google.android.gms:play-services-basement:9.0.2] AndroidManifest.xml:20:5-24:19
MERGED from [com.google.android.gms:play-services-basement:9.0.2] AndroidManifest.xml:20:5-24:19
MERGED from [com.android.support:animated-vector-drawable:26.1.0] AndroidManifest.xml:22:5-26:19
MERGED from [com.android.support:animated-vector-drawable:26.1.0] AndroidManifest.xml:22:5-26:19
MERGED from [com.android.support:support-vector-drawable:26.1.0] AndroidManifest.xml:22:5-26:19
MERGED from [com.android.support:support-vector-drawable:26.1.0] AndroidManifest.xml:22:5-26:19
MERGED from [com.android.support:transition:26.1.0] AndroidManifest.xml:22:5-26:19
MERGED from [com.android.support:transition:26.1.0] AndroidManifest.xml:22:5-26:19
MERGED from [com.android.support:support-v4:26.1.0] AndroidManifest.xml:25:5-29:19
MERGED from [com.android.support:support-v4:26.1.0] AndroidManifest.xml:25:5-29:19
MERGED from [com.android.support:support-fragment:26.1.0] AndroidManifest.xml:25:5-29:19
MERGED from [com.android.support:support-fragment:26.1.0] AndroidManifest.xml:25:5-29:19
MERGED from [com.android.support:support-core-ui:26.1.0] AndroidManifest.xml:25:5-29:19
MERGED from [com.android.support:support-core-ui:26.1.0] AndroidManifest.xml:25:5-29:19
MERGED from [com.android.support:support-media-compat:26.1.0] AndroidManifest.xml:25:5-29:19
MERGED from [com.android.support:support-media-compat:26.1.0] AndroidManifest.xml:25:5-29:19
MERGED from [com.android.support:support-core-utils:26.1.0] AndroidManifest.xml:25:5-29:19
MERGED from [com.android.support:support-core-utils:26.1.0] AndroidManifest.xml:25:5-29:19
MERGED from [com.android.support:support-compat:26.1.0] AndroidManifest.xml:25:5-29:19
MERGED from [com.android.support:support-compat:26.1.0] AndroidManifest.xml:25:5-29:19
MERGED from [android.arch.lifecycle:runtime:1.0.0] AndroidManifest.xml:24:5-28:19
MERGED from [android.arch.lifecycle:runtime:1.0.0] AndroidManifest.xml:24:5-28:19
	android:label
		ADDED from src\main\AndroidManifest.xml:31:9-41
	android:icon
		ADDED from src\main\AndroidManifest.xml:30:9-38
	android:allowBackup
		ADDED from src\main\AndroidManifest.xml:29:9-35
	android:theme
		ADDED from src\main\AndroidManifest.xml:32:9-40
	android:name
		ADDED from src\main\AndroidManifest.xml:28:9-56
activity#com.cpm.gsk_mt.LoginActivity
ADDED from src\main\AndroidManifest.xml:33:9-41:20
	android:label
		ADDED from src\main\AndroidManifest.xml:35:13-45
	android:name
		ADDED from src\main\AndroidManifest.xml:34:13-56
intent-filter#android.intent.action.MAIN+android.intent.category.LAUNCHER
ADDED from src\main\AndroidManifest.xml:36:13-40:29
action#android.intent.action.MAIN
ADDED from src\main\AndroidManifest.xml:37:17-69
	android:name
		ADDED from src\main\AndroidManifest.xml:37:25-66
category#android.intent.category.LAUNCHER
ADDED from src\main\AndroidManifest.xml:39:17-77
	android:name
		ADDED from src\main\AndroidManifest.xml:39:27-74
activity#com.cpm.gsk_mt.MainMenuActivity
ADDED from src\main\AndroidManifest.xml:42:9-45:52
	android:screenOrientation
		ADDED from src\main\AndroidManifest.xml:45:13-49
	android:configChanges
		ADDED from src\main\AndroidManifest.xml:44:13-74
	android:name
		ADDED from src\main\AndroidManifest.xml:43:13-59
activity#com.cpm.CompleteDownload.CompleteDownloadActivity
ADDED from src\main\AndroidManifest.xml:46:9-49:52
	android:screenOrientation
		ADDED from src\main\AndroidManifest.xml:49:13-49
	android:configChanges
		ADDED from src\main\AndroidManifest.xml:48:13-74
	android:name
		ADDED from src\main\AndroidManifest.xml:47:13-77
activity#com.cpm.DailyEntry.StorelistActivity
ADDED from src\main\AndroidManifest.xml:51:9-54:52
	android:screenOrientation
		ADDED from src\main\AndroidManifest.xml:54:13-49
	android:configChanges
		ADDED from src\main\AndroidManifest.xml:53:13-74
	android:name
		ADDED from src\main\AndroidManifest.xml:52:13-64
activity#com.cpm.DailyEntry.CopyOfStorelistActivity
ADDED from src\main\AndroidManifest.xml:55:9-58:52
	android:screenOrientation
		ADDED from src\main\AndroidManifest.xml:58:13-49
	android:configChanges
		ADDED from src\main\AndroidManifest.xml:57:13-74
	android:name
		ADDED from src\main\AndroidManifest.xml:56:13-70
activity#com.cpm.DailyEntry.StoreInformationActivity
ADDED from src\main\AndroidManifest.xml:59:9-62:52
	android:screenOrientation
		ADDED from src\main\AndroidManifest.xml:62:13-49
	android:configChanges
		ADDED from src\main\AndroidManifest.xml:61:13-74
	android:name
		ADDED from src\main\AndroidManifest.xml:60:13-71
activity#com.cpm.geotagging.LocationActivity
ADDED from src\main\AndroidManifest.xml:64:9-67:52
	android:screenOrientation
		ADDED from src\main\AndroidManifest.xml:67:13-49
	android:configChanges
		ADDED from src\main\AndroidManifest.xml:66:13-74
	android:name
		ADDED from src\main\AndroidManifest.xml:65:13-63
activity#com.cpm.DailyEntry.StoreVisitedActivity
ADDED from src\main\AndroidManifest.xml:68:9-71:52
	android:screenOrientation
		ADDED from src\main\AndroidManifest.xml:71:13-49
	android:configChanges
		ADDED from src\main\AndroidManifest.xml:70:13-74
	android:name
		ADDED from src\main\AndroidManifest.xml:69:13-67
activity#com.cpm.DailyEntry.StorevisitedYesMenu
ADDED from src\main\AndroidManifest.xml:72:9-75:52
	android:screenOrientation
		ADDED from src\main\AndroidManifest.xml:75:13-49
	android:configChanges
		ADDED from src\main\AndroidManifest.xml:74:13-74
	android:name
		ADDED from src\main\AndroidManifest.xml:73:13-66
activity#com.cpm.DailyEntry.CopyOfStorevisitedYesMenu
ADDED from src\main\AndroidManifest.xml:76:9-79:52
	android:screenOrientation
		ADDED from src\main\AndroidManifest.xml:79:13-49
	android:configChanges
		ADDED from src\main\AndroidManifest.xml:78:13-74
	android:name
		ADDED from src\main\AndroidManifest.xml:77:13-72
activity#com.cpm.DailyEntry.DailyEntryMainMenu
ADDED from src\main\AndroidManifest.xml:80:9-83:52
	android:screenOrientation
		ADDED from src\main\AndroidManifest.xml:83:13-49
	android:configChanges
		ADDED from src\main\AndroidManifest.xml:82:13-74
	android:name
		ADDED from src\main\AndroidManifest.xml:81:13-65
activity#com.cpm.DailyEntry.NonWorkingActivity
ADDED from src\main\AndroidManifest.xml:84:9-88:58
	android:screenOrientation
		ADDED from src\main\AndroidManifest.xml:87:13-49
	android:windowSoftInputMode
		ADDED from src\main\AndroidManifest.xml:88:13-55
	android:configChanges
		ADDED from src\main\AndroidManifest.xml:86:13-74
	android:name
		ADDED from src\main\AndroidManifest.xml:85:13-65
activity#com.cpm.autoupdate.AutoupdateActivity
ADDED from src\main\AndroidManifest.xml:89:9-93:58
	android:screenOrientation
		ADDED from src\main\AndroidManifest.xml:92:13-49
	android:windowSoftInputMode
		ADDED from src\main\AndroidManifest.xml:93:13-55
	android:configChanges
		ADDED from src\main\AndroidManifest.xml:91:13-74
	android:name
		ADDED from src\main\AndroidManifest.xml:90:13-65
activity#com.cpm.DailyEntry.AfterStockActivity
ADDED from src\main\AndroidManifest.xml:94:9-98:68
	android:screenOrientation
		ADDED from src\main\AndroidManifest.xml:97:13-49
	android:windowSoftInputMode
		ADDED from src\main\AndroidManifest.xml:98:13-65
	android:configChanges
		ADDED from src\main\AndroidManifest.xml:96:13-74
	android:name
		ADDED from src\main\AndroidManifest.xml:95:13-65
activity#com.cpm.DailyEntry.BeforeTOT
ADDED from src\main\AndroidManifest.xml:99:9-103:68
	android:screenOrientation
		ADDED from src\main\AndroidManifest.xml:102:13-49
	android:windowSoftInputMode
		ADDED from src\main\AndroidManifest.xml:103:13-65
	android:configChanges
		ADDED from src\main\AndroidManifest.xml:101:13-74
	android:name
		ADDED from src\main\AndroidManifest.xml:100:13-56
activity#com.cpm.DailyEntry.TOTstock_Activity
ADDED from src\main\AndroidManifest.xml:104:9-108:68
	android:screenOrientation
		ADDED from src\main\AndroidManifest.xml:107:13-49
	android:windowSoftInputMode
		ADDED from src\main\AndroidManifest.xml:108:13-65
	android:configChanges
		ADDED from src\main\AndroidManifest.xml:106:13-74
	android:name
		ADDED from src\main\AndroidManifest.xml:105:13-64
activity#com.cpm.DailyEntry.Sales
ADDED from src\main\AndroidManifest.xml:109:9-113:68
	android:screenOrientation
		ADDED from src\main\AndroidManifest.xml:112:13-49
	android:windowSoftInputMode
		ADDED from src\main\AndroidManifest.xml:113:13-65
	android:configChanges
		ADDED from src\main\AndroidManifest.xml:111:13-74
	android:name
		ADDED from src\main\AndroidManifest.xml:110:13-52
activity#com.cpm.DailyEntry.CompetitionTracking
ADDED from src\main\AndroidManifest.xml:114:9-118:58
	android:screenOrientation
		ADDED from src\main\AndroidManifest.xml:117:13-49
	android:windowSoftInputMode
		ADDED from src\main\AndroidManifest.xml:118:13-55
	android:configChanges
		ADDED from src\main\AndroidManifest.xml:116:13-59
	android:name
		ADDED from src\main\AndroidManifest.xml:115:13-66
activity#com.cpm.DailyEntry.BeforeStock
ADDED from src\main\AndroidManifest.xml:126:9-130:55
	android:screenOrientation
		ADDED from src\main\AndroidManifest.xml:129:13-49
	android:windowSoftInputMode
		ADDED from src\main\AndroidManifest.xml:130:13-52
	android:configChanges
		ADDED from src\main\AndroidManifest.xml:128:13-74
	android:name
		ADDED from src\main\AndroidManifest.xml:127:13-58
activity#com.cpm.DailyEntry.StockwareHouse
ADDED from src\main\AndroidManifest.xml:131:9-135:55
	android:screenOrientation
		ADDED from src\main\AndroidManifest.xml:134:13-49
	android:windowSoftInputMode
		ADDED from src\main\AndroidManifest.xml:135:13-52
	android:configChanges
		ADDED from src\main\AndroidManifest.xml:133:13-74
	android:name
		ADDED from src\main\AndroidManifest.xml:132:13-61
activity#com.cpm.DailyEntry.AfterTOT
ADDED from src\main\AndroidManifest.xml:136:9-140:55
	android:screenOrientation
		ADDED from src\main\AndroidManifest.xml:139:13-49
	android:windowSoftInputMode
		ADDED from src\main\AndroidManifest.xml:140:13-52
	android:configChanges
		ADDED from src\main\AndroidManifest.xml:138:13-74
	android:name
		ADDED from src\main\AndroidManifest.xml:137:13-55
activity#com.cpm.DailyEntry.BeforeAdditionalDisplay
ADDED from src\main\AndroidManifest.xml:141:9-144:52
	android:screenOrientation
		ADDED from src\main\AndroidManifest.xml:144:13-49
	android:configChanges
		ADDED from src\main\AndroidManifest.xml:143:13-74
	android:name
		ADDED from src\main\AndroidManifest.xml:142:13-70
activity#com.cpm.DailyEntry.StoreWisePerformance
ADDED from src\main\AndroidManifest.xml:152:9-155:52
	android:screenOrientation
		ADDED from src\main\AndroidManifest.xml:155:13-49
	android:configChanges
		ADDED from src\main\AndroidManifest.xml:154:13-74
	android:name
		ADDED from src\main\AndroidManifest.xml:153:13-67
activity#com.cpm.DailyEntry.CategoryWisePerformance
ADDED from src\main\AndroidManifest.xml:156:9-159:52
	android:screenOrientation
		ADDED from src\main\AndroidManifest.xml:159:13-49
	android:configChanges
		ADDED from src\main\AndroidManifest.xml:158:13-74
	android:name
		ADDED from src\main\AndroidManifest.xml:157:13-70
activity#com.cpm.DailyEntry.PromoCompliance
ADDED from src\main\AndroidManifest.xml:160:9-164:52
	android:screenOrientation
		ADDED from src\main\AndroidManifest.xml:164:13-49
	android:windowSoftInputMode
		ADDED from src\main\AndroidManifest.xml:163:13-65
	android:configChanges
		ADDED from src\main\AndroidManifest.xml:162:13-74
	android:name
		ADDED from src\main\AndroidManifest.xml:161:13-62
activity#com.cpm.DailyEntry.CheckOutStoreActivity
ADDED from src\main\AndroidManifest.xml:165:9-168:52
	android:screenOrientation
		ADDED from src\main\AndroidManifest.xml:168:13-49
	android:configChanges
		ADDED from src\main\AndroidManifest.xml:167:13-74
	android:name
		ADDED from src\main\AndroidManifest.xml:166:13-68
activity#com.cpm.upload.UploadOptionActivity
ADDED from src\main\AndroidManifest.xml:169:9-172:52
	android:screenOrientation
		ADDED from src\main\AndroidManifest.xml:172:13-49
	android:configChanges
		ADDED from src\main\AndroidManifest.xml:171:13-74
	android:name
		ADDED from src\main\AndroidManifest.xml:170:13-63
activity#com.cpm.upload.UploadDataActivity
ADDED from src\main\AndroidManifest.xml:173:9-176:52
	android:screenOrientation
		ADDED from src\main\AndroidManifest.xml:176:13-49
	android:configChanges
		ADDED from src\main\AndroidManifest.xml:175:13-74
	android:name
		ADDED from src\main\AndroidManifest.xml:174:13-61
activity#com.cpm.upload.UploadImageActivity
ADDED from src\main\AndroidManifest.xml:177:9-180:52
	android:screenOrientation
		ADDED from src\main\AndroidManifest.xml:180:13-49
	android:configChanges
		ADDED from src\main\AndroidManifest.xml:179:13-74
	android:name
		ADDED from src\main\AndroidManifest.xml:178:13-62
activity#com.cpm.upload.ImageUploadActivity
ADDED from src\main\AndroidManifest.xml:181:9-184:52
	android:screenOrientation
		ADDED from src\main\AndroidManifest.xml:184:13-49
	android:configChanges
		ADDED from src\main\AndroidManifest.xml:183:13-74
	android:name
		ADDED from src\main\AndroidManifest.xml:182:13-62
activity#com.cpm.geotagging.GeoTagging
ADDED from src\main\AndroidManifest.xml:185:9-188:52
	android:screenOrientation
		ADDED from src\main\AndroidManifest.xml:188:13-49
	android:configChanges
		ADDED from src\main\AndroidManifest.xml:187:13-74
	android:name
		ADDED from src\main\AndroidManifest.xml:186:13-57
uses-library#com.google.android.maps
ADDED from src\main\AndroidManifest.xml:197:9-64
	android:name
		ADDED from src\main\AndroidManifest.xml:197:23-61
meta-data#com.google.android.maps.v2.API_KEY
ADDED from src\main\AndroidManifest.xml:216:9-218:71
	android:value
		ADDED from src\main\AndroidManifest.xml:218:13-68
	android:name
		ADDED from src\main\AndroidManifest.xml:217:13-62
meta-data#com.google.android.gms.version
ADDED from src\main\AndroidManifest.xml:221:9-223:69
MERGED from [com.google.android.gms:play-services-basement:9.0.2] AndroidManifest.xml:21:9-23:69
MERGED from [com.google.android.gms:play-services-basement:9.0.2] AndroidManifest.xml:21:9-23:69
	android:value
		ADDED from src\main\AndroidManifest.xml:223:13-66
	android:name
		ADDED from src\main\AndroidManifest.xml:222:13-58
activity#com.cpm.geotagging.GeoTagActivity
ADDED from src\main\AndroidManifest.xml:231:9-239:20
	android:screenOrientation
		ADDED from src\main\AndroidManifest.xml:235:13-49
	android:label
		ADDED from src\main\AndroidManifest.xml:234:13-59
	android:windowSoftInputMode
		ADDED from src\main\AndroidManifest.xml:237:13-52
	android:configChanges
		ADDED from src\main\AndroidManifest.xml:233:13-74
	android:theme
		ADDED from src\main\AndroidManifest.xml:236:13-56
	android:name
		ADDED from src\main\AndroidManifest.xml:232:13-61
uses-feature#0x00020000
ADDED from [com.google.android.gms:play-services-maps:9.0.2] AndroidManifest.xml:22:5-24:33
	android:glEsVersion
		ADDED from [com.google.android.gms:play-services-maps:9.0.2] AndroidManifest.xml:23:8-40
	android:required
		ADDED from [com.google.android.gms:play-services-maps:9.0.2] AndroidManifest.xml:24:8-31
meta-data#android.support.VERSION
ADDED from [com.android.support:design:26.1.0] AndroidManifest.xml:26:9-28:38
MERGED from [com.android.support:appcompat-v7:26.1.0] AndroidManifest.xml:26:9-28:38
MERGED from [com.android.support:appcompat-v7:26.1.0] AndroidManifest.xml:26:9-28:38
MERGED from [com.android.support:cardview-v7:26.1.0] AndroidManifest.xml:23:9-25:38
MERGED from [com.android.support:cardview-v7:26.1.0] AndroidManifest.xml:23:9-25:38
MERGED from [com.android.support:recyclerview-v7:26.1.0] AndroidManifest.xml:23:9-25:38
MERGED from [com.android.support:recyclerview-v7:26.1.0] AndroidManifest.xml:23:9-25:38
MERGED from [com.android.support:animated-vector-drawable:26.1.0] AndroidManifest.xml:23:9-25:38
MERGED from [com.android.support:animated-vector-drawable:26.1.0] AndroidManifest.xml:23:9-25:38
MERGED from [com.android.support:support-vector-drawable:26.1.0] AndroidManifest.xml:23:9-25:38
MERGED from [com.android.support:support-vector-drawable:26.1.0] AndroidManifest.xml:23:9-25:38
MERGED from [com.android.support:transition:26.1.0] AndroidManifest.xml:23:9-25:38
MERGED from [com.android.support:transition:26.1.0] AndroidManifest.xml:23:9-25:38
MERGED from [com.android.support:support-v4:26.1.0] AndroidManifest.xml:26:9-28:38
MERGED from [com.android.support:support-v4:26.1.0] AndroidManifest.xml:26:9-28:38
MERGED from [com.android.support:support-fragment:26.1.0] AndroidManifest.xml:26:9-28:38
MERGED from [com.android.support:support-fragment:26.1.0] AndroidManifest.xml:26:9-28:38
MERGED from [com.android.support:support-core-ui:26.1.0] AndroidManifest.xml:26:9-28:38
MERGED from [com.android.support:support-core-ui:26.1.0] AndroidManifest.xml:26:9-28:38
MERGED from [com.android.support:support-media-compat:26.1.0] AndroidManifest.xml:26:9-28:38
MERGED from [com.android.support:support-media-compat:26.1.0] AndroidManifest.xml:26:9-28:38
MERGED from [com.android.support:support-core-utils:26.1.0] AndroidManifest.xml:26:9-28:38
MERGED from [com.android.support:support-core-utils:26.1.0] AndroidManifest.xml:26:9-28:38
MERGED from [com.android.support:support-compat:26.1.0] AndroidManifest.xml:26:9-28:38
MERGED from [com.android.support:support-compat:26.1.0] AndroidManifest.xml:26:9-28:38
	android:value
		ADDED from [com.android.support:design:26.1.0] AndroidManifest.xml:28:13-35
	android:name
		ADDED from [com.android.support:design:26.1.0] AndroidManifest.xml:27:13-51
activity#com.google.android.gms.common.api.GoogleApiActivity
ADDED from [com.google.android.gms:play-services-base:9.0.2] AndroidManifest.xml:20:9-22:45
	android:exported
		ADDED from [com.google.android.gms:play-services-base:9.0.2] AndroidManifest.xml:22:19-43
	android:theme
		ADDED from [com.google.android.gms:play-services-base:9.0.2] AndroidManifest.xml:21:19-78
	android:name
		ADDED from [com.google.android.gms:play-services-base:9.0.2] AndroidManifest.xml:20:19-85
provider#com.google.firebase.provider.FirebaseInitProvider
ADDED from [com.google.firebase:firebase-common:9.0.2] AndroidManifest.xml:7:9-11:39
	android:authorities
		ADDED from [com.google.firebase:firebase-common:9.0.2] AndroidManifest.xml:8:13-72
	android:exported
		ADDED from [com.google.firebase:firebase-common:9.0.2] AndroidManifest.xml:10:13-37
	android:initOrder
		ADDED from [com.google.firebase:firebase-common:9.0.2] AndroidManifest.xml:11:13-36
	android:name
		ADDED from [com.google.firebase:firebase-common:9.0.2] AndroidManifest.xml:9:13-58
meta-data#android.arch.lifecycle.VERSION
ADDED from [android.arch.lifecycle:runtime:1.0.0] AndroidManifest.xml:25:9-27:47
	android:value